<?xml version="1.0" encoding="UTF-8"?>
<!-- Generated by org.testng.reporters.JUnitReportReporter -->
<testsuite hostname="DESKTOP-5FV6I2Q" failures="0" tests="3" name="login.LoginTest" time="3.110" errors="0" timestamp="2022-02-05T10:42:48 GMT" skipped="0">
  <testcase classname="login.LoginTest" name="nameVerifiedIfAvailable" time="0.233"/>
  <system-out/>
  <testcase classname="login.LoginTest" name="logOut" time="2.091"/>
  <system-out/>
  <testcase classname="login.LoginTest" name="loginWithValidUser" time="0.786"/>
  <system-out/>
</testsuite> <!-- login.LoginTest -->
